<?xml version="1.0" encoding="UTF-8"?>
<!-- Generated by org.testng.reporters.JUnitXMLReporter -->
<testsuite ignored="0" hostname="LAPTOP-DUJFBR3O" failures="1" tests="3" name="Chrome on Windows 10" time="56.337" errors="0" timestamp="2024-12-08T13:33:26 IST">
  <testcase classname="LT_TestNg_Project.TestScenarios.LambdaTestCertifications_Selenium" name="@AfterMethod tearDown" time="-1.733645006146E9">
    <failure type="org.testng.TestNGException" message="
Can inject only one of &amp;lt;ITestContext, XmlTest, Method, Object[], ITestResult&amp;gt; into a @AfterMethod annotated tearDown.
For more information on native dependency injection please refer to https://testng.org/doc/documentation-main.html#native-dependency-injection">
      <![CDATA[org.testng.TestNGException: 
Can inject only one of <ITestContext, XmlTest, Method, Object[], ITestResult> into a @AfterMethod annotated tearDown.
For more information on native dependency injection please refer to https://testng.org/doc/documentation-main.html#native-dependency-injection
at java.base/java.util.ArrayList.forEach(ArrayList.java:1596)
at java.base/java.util.concurrent.FutureTask.run(FutureTask.java:317)
at java.base/java.util.concurrent.ThreadPoolExecutor.runWorker(ThreadPoolExecutor.java:1144)
at java.base/java.util.concurrent.ThreadPoolExecutor$Worker.run(ThreadPoolExecutor.java:642)
at java.base/java.lang.Thread.run(Thread.java:1583)
... Removed 19 stack frames]]>
    </failure>
  </testcase> <!-- @AfterMethod tearDown -->
  <testcase classname="LT_TestNg_Project.TestScenarios.LambdaTestCertifications_Selenium" name="@BeforeMethod setUp" time="0.0">
    <skipped/>
  </testcase> <!-- @BeforeMethod setUp -->
  <testcase classname="LT_TestNg_Project.TestScenarios.LambdaTestCertifications_Selenium" name="@AfterMethod tearDown" time="0.0">
    <skipped/>
  </testcase> <!-- @AfterMethod tearDown -->
  <testcase classname="LT_TestNg_Project.TestScenarios.LambdaTestCertifications_Selenium" name="@BeforeMethod setUp" time="0.0">
    <skipped/>
  </testcase> <!-- @BeforeMethod setUp -->
  <testcase classname="LT_TestNg_Project.TestScenarios.LambdaTestCertifications_Selenium" name="@AfterMethod tearDown" time="0.0">
    <skipped/>
  </testcase> <!-- @AfterMethod tearDown -->
  <testcase classname="LT_TestNg_Project.TestScenarios.LambdaTestCertifications_Selenium" name="testDragAndDropSlider" time="6.074">
    <failure type="java.lang.AssertionError" message="expected [95] but found [5]">
      <![CDATA[java.lang.AssertionError: expected [95] but found [5]
at LT_TestNg_Project.TestScenarios.LambdaTestCertifications_Selenium.testDragAndDropSlider(LambdaTestCertifications_Selenium.java:89)
at java.base/java.util.ArrayList.forEach(ArrayList.java:1596)
at java.base/java.util.concurrent.FutureTask.run(FutureTask.java:317)
at java.base/java.util.concurrent.ThreadPoolExecutor.runWorker(ThreadPoolExecutor.java:1144)
at java.base/java.util.concurrent.ThreadPoolExecutor$Worker.run(ThreadPoolExecutor.java:642)
at java.base/java.lang.Thread.run(Thread.java:1583)
... Removed 21 stack frames]]>
    </failure>
  </testcase> <!-- testDragAndDropSlider -->
  <testcase classname="LT_TestNg_Project.TestScenarios.LambdaTestCertifications_Selenium" name="testInputFormSubmit" time="0.0">
    <skipped/>
  </testcase> <!-- testInputFormSubmit -->
  <testcase classname="LT_TestNg_Project.TestScenarios.LambdaTestCertifications_Selenium" name="testSimpleFormDemo" time="0.001">
    <skipped/>
  </testcase> <!-- testSimpleFormDemo -->
</testsuite> <!-- Chrome on Windows 10 -->
