<?xml version="1.0" encoding="UTF-8"?>
<!-- Generated by org.testng.reporters.JUnitXMLReporter -->
<testsuite ignored="0" hostname="LAPTOP-DUJFBR3O" failures="1" tests="3" name="Chrome on Windows 10" time="28.415" errors="0" timestamp="2024-12-08T13:49:54 IST">
  <testcase classname="LT_TestNg_Project.TestScenarios.LambdaTestCertifications_Selenium" name="@BeforeMethod setUp" time="18.334">
    <failure type="org.openqa.selenium.WebDriverException" message="Error: Could not find a valid browserVersion. config received, osVersion: catalina browserName: safari browserVersion: 18.0 Input capabilities : {&amp;quot;EnableHTTP2InMartian&amp;quot;:false,&amp;quot;browserName&amp;quot;:&amp;quot;safari&amp;quot;,&amp;quot;build&amp;quot;:&amp;quot;Selenium safari&amp;quot;,&amp;quot;console&amp;quot;:&amp;quot;false&amp;quot;,&amp;quot;enableDebugLogsInMartian&amp;quot;:false,&amp;quot;enableNetworkThrottling&amp;quot;:false,&amp;quot;enableSSEInMartian&amp;quot;:false,&amp;quot;enableWSInMartian&amp;quot;:false,&amp;quot;extendedDebuging&amp;quot;:true,&amp;quot;headless&amp;quot;:false,&amp;quot;loggingPrefs&amp;quot;:{&amp;quot;browser&amp;quot;:&amp;quot;ALL&amp;quot;,&amp;quot;driver&amp;quot;:&amp;quot;ALL&amp;quot;,&amp;quot;performance&amp;quot;:&amp;quot;ALL&amp;quot;,&amp;quot;server&amp;quot;:&amp;quot;ALL&amp;quot;},&amp;quot;name&amp;quot;:&amp;quot;Selenium Run safari&amp;quot;,&amp;quot;network&amp;quot;:true,&amp;quot;network.full.har&amp;quot;:false,&amp;quot;network.har&amp;quot;:true,&amp;quot;performance&amp;quot;:false,&amp;quot;platform&amp;quot;:&amp;quot;macos 10.15&amp;quot;,&amp;quot;resolution&amp;quot;:&amp;quot;1920x1080&amp;quot;,&amp;quot;safari.cookies&amp;quot;:true,&amp;quot;tunnel&amp;quot;:false,&amp;quot;tunnelIdentifier&amp;quot;:&amp;quot;&amp;quot;,&amp;quot;userAgent&amp;quot;:&amp;quot;Apache-HttpClient/4.5.13 (Java/21.0.1)&amp;quot;,&amp;quot;version&amp;quot;:&amp;quot;18.0&amp;quot;,&amp;quot;video&amp;quot;:true,&amp;quot;visual&amp;quot;:true,&amp;quot;w3c&amp;quot;:false} (WARNING: The server did not provide any stacktrace information)
Command duration or timeout: 6.74 seconds
Build info: version: &amp;apos;2.52.0&amp;apos;, revision: &amp;apos;4c2593cfc3689a7fcd7be52549167e5ccc93ad28&amp;apos;, time: &amp;apos;2016-02-11 11:22:43&amp;apos;
System info: host: &amp;apos;LAPTOP-DUJFBR3O&amp;apos;, ip: &amp;apos;172.23.208.1&amp;apos;, os.name: &amp;apos;Windows 11&amp;apos;, os.arch: &amp;apos;amd64&amp;apos;, os.version: &amp;apos;10.0&amp;apos;, java.version: &amp;apos;21.0.1&amp;apos;
Driver info: org.openqa.selenium.remote.RemoteWebDriver">
      <![CDATA[org.openqa.selenium.WebDriverException: Error: Could not find a valid browserVersion. config received, osVersion: catalina browserName: safari browserVersion: 18.0 Input capabilities : {"EnableHTTP2InMartian":false,"browserName":"safari","build":"Selenium safari","console":"false","enableDebugLogsInMartian":false,"enableNetworkThrottling":false,"enableSSEInMartian":false,"enableWSInMartian":false,"extendedDebuging":true,"headless":false,"loggingPrefs":{"browser":"ALL","driver":"ALL","performance":"ALL","server":"ALL"},"name":"Selenium Run safari","network":true,"network.full.har":false,"network.har":true,"performance":false,"platform":"macos 10.15","resolution":"1920x1080","safari.cookies":true,"tunnel":false,"tunnelIdentifier":"","userAgent":"Apache-HttpClient/4.5.13 (Java/21.0.1)","version":"18.0","video":true,"visual":true,"w3c":false} (WARNING: The server did not provide any stacktrace information)
Command duration or timeout: 6.74 seconds
Build info: version: '2.52.0', revision: '4c2593cfc3689a7fcd7be52549167e5ccc93ad28', time: '2016-02-11 11:22:43'
System info: host: 'LAPTOP-DUJFBR3O', ip: '172.23.208.1', os.name: 'Windows 11', os.arch: 'amd64', os.version: '10.0', java.version: '21.0.1'
Driver info: org.openqa.selenium.remote.RemoteWebDriver
at org.openqa.selenium.remote.ErrorHandler.createThrowable(ErrorHandler.java:206)
at org.openqa.selenium.remote.ErrorHandler.throwIfResponseFailed(ErrorHandler.java:158)
at org.openqa.selenium.remote.RemoteWebDriver.execute(RemoteWebDriver.java:678)
at org.openqa.selenium.remote.RemoteWebDriver.startSession(RemoteWebDriver.java:249)
at org.openqa.selenium.remote.RemoteWebDriver.<init>(RemoteWebDriver.java:131)
at org.openqa.selenium.remote.RemoteWebDriver.<init>(RemoteWebDriver.java:158)
at LT_TestNg_Project.TestScenarios.LambdaTestCertifications_Selenium.setUp(LambdaTestCertifications_Selenium.java:54)
at java.base/java.util.ArrayList.forEach(ArrayList.java:1596)
at java.base/java.util.concurrent.FutureTask.run(FutureTask.java:317)
at java.base/java.util.concurrent.ThreadPoolExecutor.runWorker(ThreadPoolExecutor.java:1144)
at java.base/java.util.concurrent.ThreadPoolExecutor$Worker.run(ThreadPoolExecutor.java:642)
at java.base/java.lang.Thread.run(Thread.java:1583)
... Removed 22 stack frames]]>
    </failure>
  </testcase> <!-- @BeforeMethod setUp -->
  <testcase classname="LT_TestNg_Project.TestScenarios.LambdaTestCertifications_Selenium" name="@AfterMethod tearDown" time="0.0">
    <skipped/>
  </testcase> <!-- @AfterMethod tearDown -->
  <testcase classname="LT_TestNg_Project.TestScenarios.LambdaTestCertifications_Selenium" name="@BeforeMethod setUp" time="0.0">
    <skipped/>
  </testcase> <!-- @BeforeMethod setUp -->
  <testcase classname="LT_TestNg_Project.TestScenarios.LambdaTestCertifications_Selenium" name="@AfterMethod tearDown" time="0.0">
    <skipped/>
  </testcase> <!-- @AfterMethod tearDown -->
  <testcase classname="LT_TestNg_Project.TestScenarios.LambdaTestCertifications_Selenium" name="@BeforeMethod setUp" time="0.0">
    <skipped/>
  </testcase> <!-- @BeforeMethod setUp -->
  <testcase classname="LT_TestNg_Project.TestScenarios.LambdaTestCertifications_Selenium" name="@AfterMethod tearDown" time="0.0">
    <skipped/>
  </testcase> <!-- @AfterMethod tearDown -->
  <testcase classname="LT_TestNg_Project.TestScenarios.LambdaTestCertifications_Selenium" name="@AfterMethod tearDown" time="-1.733645994118E9">
    <failure type="org.testng.TestNGException" message="
Can inject only one of &amp;lt;ITestContext, XmlTest, Method, Object[], ITestResult&amp;gt; into a @AfterMethod annotated tearDown.
For more information on native dependency injection please refer to https://testng.org/doc/documentation-main.html#native-dependency-injection">
      <![CDATA[org.testng.TestNGException: 
Can inject only one of <ITestContext, XmlTest, Method, Object[], ITestResult> into a @AfterMethod annotated tearDown.
For more information on native dependency injection please refer to https://testng.org/doc/documentation-main.html#native-dependency-injection
at java.base/java.util.ArrayList.forEach(ArrayList.java:1596)
at java.base/java.util.concurrent.FutureTask.run(FutureTask.java:317)
at java.base/java.util.concurrent.ThreadPoolExecutor.runWorker(ThreadPoolExecutor.java:1144)
at java.base/java.util.concurrent.ThreadPoolExecutor$Worker.run(ThreadPoolExecutor.java:642)
at java.base/java.lang.Thread.run(Thread.java:1583)
... Removed 19 stack frames]]>
    </failure>
  </testcase> <!-- @AfterMethod tearDown -->
  <testcase classname="LT_TestNg_Project.TestScenarios.LambdaTestCertifications_Selenium" name="@BeforeMethod setUp" time="0.0">
    <skipped/>
  </testcase> <!-- @BeforeMethod setUp -->
  <testcase classname="LT_TestNg_Project.TestScenarios.LambdaTestCertifications_Selenium" name="@AfterMethod tearDown" time="0.0">
    <skipped/>
  </testcase> <!-- @AfterMethod tearDown -->
  <testcase classname="LT_TestNg_Project.TestScenarios.LambdaTestCertifications_Selenium" name="@BeforeMethod setUp" time="0.0">
    <skipped/>
  </testcase> <!-- @BeforeMethod setUp -->
  <testcase classname="LT_TestNg_Project.TestScenarios.LambdaTestCertifications_Selenium" name="@AfterMethod tearDown" time="0.0">
    <skipped/>
  </testcase> <!-- @AfterMethod tearDown -->
  <testcase classname="LT_TestNg_Project.TestScenarios.LambdaTestCertifications_Selenium" name="testDragAndDropSlider" time="6.337">
    <failure type="java.lang.AssertionError" message="expected [95] but found [5]">
      <![CDATA[java.lang.AssertionError: expected [95] but found [5]
at LT_TestNg_Project.TestScenarios.LambdaTestCertifications_Selenium.testDragAndDropSlider(LambdaTestCertifications_Selenium.java:90)
at java.base/java.util.ArrayList.forEach(ArrayList.java:1596)
at java.base/java.util.concurrent.FutureTask.run(FutureTask.java:317)
at java.base/java.util.concurrent.ThreadPoolExecutor.runWorker(ThreadPoolExecutor.java:1144)
at java.base/java.util.concurrent.ThreadPoolExecutor$Worker.run(ThreadPoolExecutor.java:642)
at java.base/java.lang.Thread.run(Thread.java:1583)
... Removed 21 stack frames]]>
    </failure>
  </testcase> <!-- testDragAndDropSlider -->
  <testcase classname="LT_TestNg_Project.TestScenarios.LambdaTestCertifications_Selenium" name="testInputFormSubmit" time="0.0">
    <skipped/>
  </testcase> <!-- testInputFormSubmit -->
  <testcase classname="LT_TestNg_Project.TestScenarios.LambdaTestCertifications_Selenium" name="testSimpleFormDemo" time="0.0">
    <skipped/>
  </testcase> <!-- testSimpleFormDemo -->
</testsuite> <!-- Chrome on Windows 10 -->
