<html>
<head>
<title>TestNG:  Safari on macOS Catalina</title>
<link href="../testng.css" rel="stylesheet" type="text/css" />
<link href="../my-testng.css" rel="stylesheet" type="text/css" />

<style type="text/css">
.log { display: none;} 
.stack-trace { display: none;} 
</style>
<script type="text/javascript">
<!--
function flip(e) {
  current = e.style.display;
  if (current == 'block') {
    e.style.display = 'none';
    return 0;
  }
  else {
    e.style.display = 'block';
    return 1;
  }
}

function toggleBox(szDivId, elem, msg1, msg2)
{
  var res = -1;  if (document.getElementById) {
    res = flip(document.getElementById(szDivId));
  }
  else if (document.all) {
    // this is the way old msie versions work
    res = flip(document.all[szDivId]);
  }
  if(elem) {
    if(res == 0) elem.innerHTML = msg1; else elem.innerHTML = msg2;
  }

}

function toggleAllBoxes() {
  if (document.getElementsByTagName) {
    d = document.getElementsByTagName('div');
    for (i = 0; i < d.length; i++) {
      if (d[i].className == 'log') {
        flip(d[i]);
      }
    }
  }
}

// -->
</script>

</head>
<body>
<h2 align='center'>Safari on macOS Catalina</h2><table border='1' align="center">
<tr>
<td>Tests passed/Failed/Skipped:</td><td>0/0/3</td>
</tr><tr>
<td>Started on:</td><td>Sun Dec 08 13:49:25 IST 2024</td>
</tr>
<tr><td>Total time:</td><td>18 seconds (18404 ms)</td>
</tr><tr>
<td>Included groups:</td><td></td>
</tr><tr>
<td>Excluded groups:</td><td></td>
</tr>
</table><p/>
<small><i>(Hover the method name to see the test class name)</i></small><p/>
<table width='100%' border='1' class='invocation-failed'>
<tr><td colspan='4' align='center'><b>FAILED CONFIGURATIONS</b></td></tr>
<tr><td><b>Test method</b></td>
<td><b>Attribute(s)</b></td>
<td width="30%"><b>Exception</b></td>
<td width="10%"><b>Time (seconds)</b></td>
<td><b>Instance</b></td>
</tr>
<tr>
<td title='LT_TestNg_Project.TestScenarios.LambdaTestCertifications_Selenium.setUp()'><b>setUp</b><br>Test class: LT_TestNg_Project.TestScenarios.LambdaTestCertifications_Selenium<br>Parameters: safari, 18, macOS Catalina</td>
<td><div><pre>org.openqa.selenium.WebDriverException: Error: Could not find a valid browserVersion. config received, osVersion: catalina browserName: safari browserVersion: 18.0 Input capabilities : {&quot;EnableHTTP2InMartian&quot;:false,&quot;browserName&quot;:&quot;safari&quot;,&quot;build&quot;:&quot;Selenium safari&quot;,&quot;console&quot;:&quot;false&quot;,&quot;enableDebugLogsInMartian&quot;:false,&quot;enableNetworkThrottling&quot;:false,&quot;enableSSEInMartian&quot;:false,&quot;enableWSInMartian&quot;:false,&quot;extendedDebuging&quot;:true,&quot;headless&quot;:false,&quot;loggingPrefs&quot;:{&quot;browser&quot;:&quot;ALL&quot;,&quot;driver&quot;:&quot;ALL&quot;,&quot;performance&quot;:&quot;ALL&quot;,&quot;server&quot;:&quot;ALL&quot;},&quot;name&quot;:&quot;Selenium Run safari&quot;,&quot;network&quot;:true,&quot;network.full.har&quot;:false,&quot;network.har&quot;:true,&quot;performance&quot;:false,&quot;platform&quot;:&quot;macos 10.15&quot;,&quot;resolution&quot;:&quot;1920x1080&quot;,&quot;safari.cookies&quot;:true,&quot;tunnel&quot;:false,&quot;tunnelIdentifier&quot;:&quot;&quot;,&quot;userAgent&quot;:&quot;Apache-HttpClient/4.5.13 (Java/21.0.1)&quot;,&quot;version&quot;:&quot;18.0&quot;,&quot;video&quot;:true,&quot;visual&quot;:true,&quot;w3c&quot;:false} (WARNING: The server did not provide any stacktrace information)
Command duration or timeout: 6.74 seconds
Build info: version: &apos;2.52.0&apos;, revision: &apos;4c2593cfc3689a7fcd7be52549167e5ccc93ad28&apos;, time: &apos;2016-02-11 11:22:43&apos;
System info: host: &apos;LAPTOP-DUJFBR3O&apos;, ip: &apos;172.23.208.1&apos;, os.name: &apos;Windows 11&apos;, os.arch: &apos;amd64&apos;, os.version: &apos;10.0&apos;, java.version: &apos;21.0.1&apos;
Driver info: org.openqa.selenium.remote.RemoteWebDriver
	at org.openqa.selenium.remote.ErrorHandler.createThrowable(ErrorHandler.java:206)
	at org.openqa.selenium.remote.ErrorHandler.throwIfResponseFailed(ErrorHandler.java:158)
	at org.openqa.selenium.remote.RemoteWebDriver.execute(RemoteWebDriver.java:678)
	at org.openqa.selenium.remote.RemoteWebDriver.startSession(RemoteWebDriver.java:249)
	at org.openqa.selenium.remote.RemoteWebDriver.&lt;init&gt;(RemoteWebDriver.java:131)
	at org.openqa.selenium.remote.RemoteWebDriver.&lt;init&gt;(RemoteWebDriver.java:158)
	at LT_TestNg_Project.TestScenarios.LambdaTestCertifications_Selenium.setUp(LambdaTestCertifications_Selenium.java:54)
	at java.base/java.util.ArrayList.forEach(ArrayList.java:1596)
	at java.base/java.util.concurrent.FutureTask.run(FutureTask.java:317)
	at java.base/java.util.concurrent.ThreadPoolExecutor.runWorker(ThreadPoolExecutor.java:1144)
	at java.base/java.util.concurrent.ThreadPoolExecutor$Worker.run(ThreadPoolExecutor.java:642)
	at java.base/java.lang.Thread.run(Thread.java:1583)
... Removed 22 stack frames</pre></div><a href='#' onClick='toggleBox("stack-trace1510699587", this, "Click to show all stack frames", "Click to hide stack frames")'>Click to show all stack frames</a>
<div class='stack-trace' id='stack-trace1510699587'><pre>org.openqa.selenium.WebDriverException: Error: Could not find a valid browserVersion. config received, osVersion: catalina browserName: safari browserVersion: 18.0 Input capabilities : {&quot;EnableHTTP2InMartian&quot;:false,&quot;browserName&quot;:&quot;safari&quot;,&quot;build&quot;:&quot;Selenium safari&quot;,&quot;console&quot;:&quot;false&quot;,&quot;enableDebugLogsInMartian&quot;:false,&quot;enableNetworkThrottling&quot;:false,&quot;enableSSEInMartian&quot;:false,&quot;enableWSInMartian&quot;:false,&quot;extendedDebuging&quot;:true,&quot;headless&quot;:false,&quot;loggingPrefs&quot;:{&quot;browser&quot;:&quot;ALL&quot;,&quot;driver&quot;:&quot;ALL&quot;,&quot;performance&quot;:&quot;ALL&quot;,&quot;server&quot;:&quot;ALL&quot;},&quot;name&quot;:&quot;Selenium Run safari&quot;,&quot;network&quot;:true,&quot;network.full.har&quot;:false,&quot;network.har&quot;:true,&quot;performance&quot;:false,&quot;platform&quot;:&quot;macos 10.15&quot;,&quot;resolution&quot;:&quot;1920x1080&quot;,&quot;safari.cookies&quot;:true,&quot;tunnel&quot;:false,&quot;tunnelIdentifier&quot;:&quot;&quot;,&quot;userAgent&quot;:&quot;Apache-HttpClient/4.5.13 (Java/21.0.1)&quot;,&quot;version&quot;:&quot;18.0&quot;,&quot;video&quot;:true,&quot;visual&quot;:true,&quot;w3c&quot;:false} (WARNING: The server did not provide any stacktrace information)
Command duration or timeout: 6.74 seconds
Build info: version: &apos;2.52.0&apos;, revision: &apos;4c2593cfc3689a7fcd7be52549167e5ccc93ad28&apos;, time: &apos;2016-02-11 11:22:43&apos;
System info: host: &apos;LAPTOP-DUJFBR3O&apos;, ip: &apos;172.23.208.1&apos;, os.name: &apos;Windows 11&apos;, os.arch: &apos;amd64&apos;, os.version: &apos;10.0&apos;, java.version: &apos;21.0.1&apos;
Driver info: org.openqa.selenium.remote.RemoteWebDriver
	at java.base/jdk.internal.reflect.DirectConstructorHandleAccessor.newInstance(DirectConstructorHandleAccessor.java:62)
	at java.base/java.lang.reflect.Constructor.newInstanceWithCaller(Constructor.java:502)
	at java.base/java.lang.reflect.Constructor.newInstance(Constructor.java:486)
	at org.openqa.selenium.remote.ErrorHandler.createThrowable(ErrorHandler.java:206)
	at org.openqa.selenium.remote.ErrorHandler.throwIfResponseFailed(ErrorHandler.java:158)
	at org.openqa.selenium.remote.RemoteWebDriver.execute(RemoteWebDriver.java:678)
	at org.openqa.selenium.remote.RemoteWebDriver.startSession(RemoteWebDriver.java:249)
	at org.openqa.selenium.remote.RemoteWebDriver.&lt;init&gt;(RemoteWebDriver.java:131)
	at org.openqa.selenium.remote.RemoteWebDriver.&lt;init&gt;(RemoteWebDriver.java:158)
	at LT_TestNg_Project.TestScenarios.LambdaTestCertifications_Selenium.setUp(LambdaTestCertifications_Selenium.java:54)
	at java.base/jdk.internal.reflect.DirectMethodHandleAccessor.invoke(DirectMethodHandleAccessor.java:103)
	at java.base/java.lang.reflect.Method.invoke(Method.java:580)
	at org.testng.internal.invokers.MethodInvocationHelper.invokeMethod(MethodInvocationHelper.java:139)
	at org.testng.internal.invokers.MethodInvocationHelper.invokeMethodConsideringTimeout(MethodInvocationHelper.java:69)
	at org.testng.internal.invokers.ConfigInvoker.invokeConfigurationMethod(ConfigInvoker.java:361)
	at org.testng.internal.invokers.ConfigInvoker.invokeConfigurations(ConfigInvoker.java:296)
	at org.testng.internal.invokers.TestInvoker.runConfigMethods(TestInvoker.java:823)
	at org.testng.internal.invokers.TestInvoker.invokeMethod(TestInvoker.java:590)
	at org.testng.internal.invokers.TestInvoker.invokeTestMethod(TestInvoker.java:221)
	at org.testng.internal.invokers.MethodRunner.runInSequence(MethodRunner.java:50)
	at org.testng.internal.invokers.TestInvoker$MethodInvocationAgent.invoke(TestInvoker.java:969)
	at org.testng.internal.invokers.TestInvoker.invokeTestMethods(TestInvoker.java:194)
	at org.testng.internal.invokers.TestMethodWorker.invokeTestMethods(TestMethodWorker.java:148)
	at org.testng.internal.invokers.TestMethodWorker.run(TestMethodWorker.java:128)
	at java.base/java.util.ArrayList.forEach(ArrayList.java:1596)
	at org.testng.TestRunner.privateRun(TestRunner.java:829)
	at org.testng.TestRunner.run(TestRunner.java:602)
	at org.testng.SuiteRunner.runTest(SuiteRunner.java:437)
	at org.testng.SuiteRunner$SuiteWorker.run(SuiteRunner.java:475)
	at org.testng.internal.thread.ThreadUtil.lambda$execute$0(ThreadUtil.java:58)
	at java.base/java.util.concurrent.FutureTask.run(FutureTask.java:317)
	at java.base/java.util.concurrent.ThreadPoolExecutor.runWorker(ThreadPoolExecutor.java:1144)
	at java.base/java.util.concurrent.ThreadPoolExecutor$Worker.run(ThreadPoolExecutor.java:642)
	at java.base/java.lang.Thread.run(Thread.java:1583)
</pre></div></td>
<td>18</td>
<td>LT_TestNg_Project.TestScenarios.LambdaTestCertifications_Selenium@459e9125</td></tr>
</table><p>
<table width='100%' border='1' class='invocation-skipped'>
<tr><td colspan='4' align='center'><b>SKIPPED CONFIGURATIONS</b></td></tr>
<tr><td><b>Test method</b></td>
<td><b>Attribute(s)</b></td>
<td width="30%"><b>Exception</b></td>
<td width="10%"><b>Time (seconds)</b></td>
<td><b>Instance</b></td>
</tr>
<tr>
<td title='LT_TestNg_Project.TestScenarios.LambdaTestCertifications_Selenium.tearDown()'><b>tearDown</b><br>Test class: LT_TestNg_Project.TestScenarios.LambdaTestCertifications_Selenium</td>
<td></td>
<td>0</td>
<td>LT_TestNg_Project.TestScenarios.LambdaTestCertifications_Selenium@459e9125</td></tr>
<tr>
<td title='LT_TestNg_Project.TestScenarios.LambdaTestCertifications_Selenium.setUp()'><b>setUp</b><br>Test class: LT_TestNg_Project.TestScenarios.LambdaTestCertifications_Selenium</td>
<td></td>
<td>0</td>
<td>LT_TestNg_Project.TestScenarios.LambdaTestCertifications_Selenium@459e9125</td></tr>
<tr>
<td title='LT_TestNg_Project.TestScenarios.LambdaTestCertifications_Selenium.tearDown()'><b>tearDown</b><br>Test class: LT_TestNg_Project.TestScenarios.LambdaTestCertifications_Selenium</td>
<td></td>
<td>0</td>
<td>LT_TestNg_Project.TestScenarios.LambdaTestCertifications_Selenium@459e9125</td></tr>
<tr>
<td title='LT_TestNg_Project.TestScenarios.LambdaTestCertifications_Selenium.setUp()'><b>setUp</b><br>Test class: LT_TestNg_Project.TestScenarios.LambdaTestCertifications_Selenium</td>
<td></td>
<td>0</td>
<td>LT_TestNg_Project.TestScenarios.LambdaTestCertifications_Selenium@459e9125</td></tr>
<tr>
<td title='LT_TestNg_Project.TestScenarios.LambdaTestCertifications_Selenium.tearDown()'><b>tearDown</b><br>Test class: LT_TestNg_Project.TestScenarios.LambdaTestCertifications_Selenium</td>
<td></td>
<td>0</td>
<td>LT_TestNg_Project.TestScenarios.LambdaTestCertifications_Selenium@459e9125</td></tr>
</table><p>
<table width='100%' border='1' class='invocation-skipped'>
<tr><td colspan='4' align='center'><b>SKIPPED TESTS</b></td></tr>
<tr><td><b>Test method</b></td>
<td><b>Attribute(s)</b></td>
<td width="30%"><b>Exception</b></td>
<td width="10%"><b>Time (seconds)</b></td>
<td><b>Instance</b></td>
</tr>
<tr>
<td title='LT_TestNg_Project.TestScenarios.LambdaTestCertifications_Selenium.testInputFormSubmit()'><b>testInputFormSubmit</b><br>Test class: LT_TestNg_Project.TestScenarios.LambdaTestCertifications_Selenium</td>
<td><div><pre>org.openqa.selenium.WebDriverException: Error: Could not find a valid browserVersion. config received, osVersion: catalina browserName: safari browserVersion: 18.0 Input capabilities : {&quot;EnableHTTP2InMartian&quot;:false,&quot;browserName&quot;:&quot;safari&quot;,&quot;build&quot;:&quot;Selenium safari&quot;,&quot;console&quot;:&quot;false&quot;,&quot;enableDebugLogsInMartian&quot;:false,&quot;enableNetworkThrottling&quot;:false,&quot;enableSSEInMartian&quot;:false,&quot;enableWSInMartian&quot;:false,&quot;extendedDebuging&quot;:true,&quot;headless&quot;:false,&quot;loggingPrefs&quot;:{&quot;browser&quot;:&quot;ALL&quot;,&quot;driver&quot;:&quot;ALL&quot;,&quot;performance&quot;:&quot;ALL&quot;,&quot;server&quot;:&quot;ALL&quot;},&quot;name&quot;:&quot;Selenium Run safari&quot;,&quot;network&quot;:true,&quot;network.full.har&quot;:false,&quot;network.har&quot;:true,&quot;performance&quot;:false,&quot;platform&quot;:&quot;macos 10.15&quot;,&quot;resolution&quot;:&quot;1920x1080&quot;,&quot;safari.cookies&quot;:true,&quot;tunnel&quot;:false,&quot;tunnelIdentifier&quot;:&quot;&quot;,&quot;userAgent&quot;:&quot;Apache-HttpClient/4.5.13 (Java/21.0.1)&quot;,&quot;version&quot;:&quot;18.0&quot;,&quot;video&quot;:true,&quot;visual&quot;:true,&quot;w3c&quot;:false} (WARNING: The server did not provide any stacktrace information)
Command duration or timeout: 6.74 seconds
Build info: version: &apos;2.52.0&apos;, revision: &apos;4c2593cfc3689a7fcd7be52549167e5ccc93ad28&apos;, time: &apos;2016-02-11 11:22:43&apos;
System info: host: &apos;LAPTOP-DUJFBR3O&apos;, ip: &apos;172.23.208.1&apos;, os.name: &apos;Windows 11&apos;, os.arch: &apos;amd64&apos;, os.version: &apos;10.0&apos;, java.version: &apos;21.0.1&apos;
Driver info: org.openqa.selenium.remote.RemoteWebDriver
	at org.openqa.selenium.remote.ErrorHandler.createThrowable(ErrorHandler.java:206)
	at org.openqa.selenium.remote.ErrorHandler.throwIfResponseFailed(ErrorHandler.java:158)
	at org.openqa.selenium.remote.RemoteWebDriver.execute(RemoteWebDriver.java:678)
	at org.openqa.selenium.remote.RemoteWebDriver.startSession(RemoteWebDriver.java:249)
	at org.openqa.selenium.remote.RemoteWebDriver.&lt;init&gt;(RemoteWebDriver.java:131)
	at org.openqa.selenium.remote.RemoteWebDriver.&lt;init&gt;(RemoteWebDriver.java:158)
	at LT_TestNg_Project.TestScenarios.LambdaTestCertifications_Selenium.setUp(LambdaTestCertifications_Selenium.java:54)
	at java.base/java.util.ArrayList.forEach(ArrayList.java:1596)
	at java.base/java.util.concurrent.FutureTask.run(FutureTask.java:317)
	at java.base/java.util.concurrent.ThreadPoolExecutor.runWorker(ThreadPoolExecutor.java:1144)
	at java.base/java.util.concurrent.ThreadPoolExecutor$Worker.run(ThreadPoolExecutor.java:642)
	at java.base/java.lang.Thread.run(Thread.java:1583)
... Removed 22 stack frames</pre></div><a href='#' onClick='toggleBox("stack-trace1076164877", this, "Click to show all stack frames", "Click to hide stack frames")'>Click to show all stack frames</a>
<div class='stack-trace' id='stack-trace1076164877'><pre>org.openqa.selenium.WebDriverException: Error: Could not find a valid browserVersion. config received, osVersion: catalina browserName: safari browserVersion: 18.0 Input capabilities : {&quot;EnableHTTP2InMartian&quot;:false,&quot;browserName&quot;:&quot;safari&quot;,&quot;build&quot;:&quot;Selenium safari&quot;,&quot;console&quot;:&quot;false&quot;,&quot;enableDebugLogsInMartian&quot;:false,&quot;enableNetworkThrottling&quot;:false,&quot;enableSSEInMartian&quot;:false,&quot;enableWSInMartian&quot;:false,&quot;extendedDebuging&quot;:true,&quot;headless&quot;:false,&quot;loggingPrefs&quot;:{&quot;browser&quot;:&quot;ALL&quot;,&quot;driver&quot;:&quot;ALL&quot;,&quot;performance&quot;:&quot;ALL&quot;,&quot;server&quot;:&quot;ALL&quot;},&quot;name&quot;:&quot;Selenium Run safari&quot;,&quot;network&quot;:true,&quot;network.full.har&quot;:false,&quot;network.har&quot;:true,&quot;performance&quot;:false,&quot;platform&quot;:&quot;macos 10.15&quot;,&quot;resolution&quot;:&quot;1920x1080&quot;,&quot;safari.cookies&quot;:true,&quot;tunnel&quot;:false,&quot;tunnelIdentifier&quot;:&quot;&quot;,&quot;userAgent&quot;:&quot;Apache-HttpClient/4.5.13 (Java/21.0.1)&quot;,&quot;version&quot;:&quot;18.0&quot;,&quot;video&quot;:true,&quot;visual&quot;:true,&quot;w3c&quot;:false} (WARNING: The server did not provide any stacktrace information)
Command duration or timeout: 6.74 seconds
Build info: version: &apos;2.52.0&apos;, revision: &apos;4c2593cfc3689a7fcd7be52549167e5ccc93ad28&apos;, time: &apos;2016-02-11 11:22:43&apos;
System info: host: &apos;LAPTOP-DUJFBR3O&apos;, ip: &apos;172.23.208.1&apos;, os.name: &apos;Windows 11&apos;, os.arch: &apos;amd64&apos;, os.version: &apos;10.0&apos;, java.version: &apos;21.0.1&apos;
Driver info: org.openqa.selenium.remote.RemoteWebDriver
	at java.base/jdk.internal.reflect.DirectConstructorHandleAccessor.newInstance(DirectConstructorHandleAccessor.java:62)
	at java.base/java.lang.reflect.Constructor.newInstanceWithCaller(Constructor.java:502)
	at java.base/java.lang.reflect.Constructor.newInstance(Constructor.java:486)
	at org.openqa.selenium.remote.ErrorHandler.createThrowable(ErrorHandler.java:206)
	at org.openqa.selenium.remote.ErrorHandler.throwIfResponseFailed(ErrorHandler.java:158)
	at org.openqa.selenium.remote.RemoteWebDriver.execute(RemoteWebDriver.java:678)
	at org.openqa.selenium.remote.RemoteWebDriver.startSession(RemoteWebDriver.java:249)
	at org.openqa.selenium.remote.RemoteWebDriver.&lt;init&gt;(RemoteWebDriver.java:131)
	at org.openqa.selenium.remote.RemoteWebDriver.&lt;init&gt;(RemoteWebDriver.java:158)
	at LT_TestNg_Project.TestScenarios.LambdaTestCertifications_Selenium.setUp(LambdaTestCertifications_Selenium.java:54)
	at java.base/jdk.internal.reflect.DirectMethodHandleAccessor.invoke(DirectMethodHandleAccessor.java:103)
	at java.base/java.lang.reflect.Method.invoke(Method.java:580)
	at org.testng.internal.invokers.MethodInvocationHelper.invokeMethod(MethodInvocationHelper.java:139)
	at org.testng.internal.invokers.MethodInvocationHelper.invokeMethodConsideringTimeout(MethodInvocationHelper.java:69)
	at org.testng.internal.invokers.ConfigInvoker.invokeConfigurationMethod(ConfigInvoker.java:361)
	at org.testng.internal.invokers.ConfigInvoker.invokeConfigurations(ConfigInvoker.java:296)
	at org.testng.internal.invokers.TestInvoker.runConfigMethods(TestInvoker.java:823)
	at org.testng.internal.invokers.TestInvoker.invokeMethod(TestInvoker.java:590)
	at org.testng.internal.invokers.TestInvoker.invokeTestMethod(TestInvoker.java:221)
	at org.testng.internal.invokers.MethodRunner.runInSequence(MethodRunner.java:50)
	at org.testng.internal.invokers.TestInvoker$MethodInvocationAgent.invoke(TestInvoker.java:969)
	at org.testng.internal.invokers.TestInvoker.invokeTestMethods(TestInvoker.java:194)
	at org.testng.internal.invokers.TestMethodWorker.invokeTestMethods(TestMethodWorker.java:148)
	at org.testng.internal.invokers.TestMethodWorker.run(TestMethodWorker.java:128)
	at java.base/java.util.ArrayList.forEach(ArrayList.java:1596)
	at org.testng.TestRunner.privateRun(TestRunner.java:829)
	at org.testng.TestRunner.run(TestRunner.java:602)
	at org.testng.SuiteRunner.runTest(SuiteRunner.java:437)
	at org.testng.SuiteRunner$SuiteWorker.run(SuiteRunner.java:475)
	at org.testng.internal.thread.ThreadUtil.lambda$execute$0(ThreadUtil.java:58)
	at java.base/java.util.concurrent.FutureTask.run(FutureTask.java:317)
	at java.base/java.util.concurrent.ThreadPoolExecutor.runWorker(ThreadPoolExecutor.java:1144)
	at java.base/java.util.concurrent.ThreadPoolExecutor$Worker.run(ThreadPoolExecutor.java:642)
	at java.base/java.lang.Thread.run(Thread.java:1583)
</pre></div></td>
<td>0</td>
<td>LT_TestNg_Project.TestScenarios.LambdaTestCertifications_Selenium@459e9125</td></tr>
<tr>
<td title='LT_TestNg_Project.TestScenarios.LambdaTestCertifications_Selenium.testSimpleFormDemo()'><b>testSimpleFormDemo</b><br>Test class: LT_TestNg_Project.TestScenarios.LambdaTestCertifications_Selenium</td>
<td><div><pre>org.openqa.selenium.WebDriverException: Error: Could not find a valid browserVersion. config received, osVersion: catalina browserName: safari browserVersion: 18.0 Input capabilities : {&quot;EnableHTTP2InMartian&quot;:false,&quot;browserName&quot;:&quot;safari&quot;,&quot;build&quot;:&quot;Selenium safari&quot;,&quot;console&quot;:&quot;false&quot;,&quot;enableDebugLogsInMartian&quot;:false,&quot;enableNetworkThrottling&quot;:false,&quot;enableSSEInMartian&quot;:false,&quot;enableWSInMartian&quot;:false,&quot;extendedDebuging&quot;:true,&quot;headless&quot;:false,&quot;loggingPrefs&quot;:{&quot;browser&quot;:&quot;ALL&quot;,&quot;driver&quot;:&quot;ALL&quot;,&quot;performance&quot;:&quot;ALL&quot;,&quot;server&quot;:&quot;ALL&quot;},&quot;name&quot;:&quot;Selenium Run safari&quot;,&quot;network&quot;:true,&quot;network.full.har&quot;:false,&quot;network.har&quot;:true,&quot;performance&quot;:false,&quot;platform&quot;:&quot;macos 10.15&quot;,&quot;resolution&quot;:&quot;1920x1080&quot;,&quot;safari.cookies&quot;:true,&quot;tunnel&quot;:false,&quot;tunnelIdentifier&quot;:&quot;&quot;,&quot;userAgent&quot;:&quot;Apache-HttpClient/4.5.13 (Java/21.0.1)&quot;,&quot;version&quot;:&quot;18.0&quot;,&quot;video&quot;:true,&quot;visual&quot;:true,&quot;w3c&quot;:false} (WARNING: The server did not provide any stacktrace information)
Command duration or timeout: 6.74 seconds
Build info: version: &apos;2.52.0&apos;, revision: &apos;4c2593cfc3689a7fcd7be52549167e5ccc93ad28&apos;, time: &apos;2016-02-11 11:22:43&apos;
System info: host: &apos;LAPTOP-DUJFBR3O&apos;, ip: &apos;172.23.208.1&apos;, os.name: &apos;Windows 11&apos;, os.arch: &apos;amd64&apos;, os.version: &apos;10.0&apos;, java.version: &apos;21.0.1&apos;
Driver info: org.openqa.selenium.remote.RemoteWebDriver
	at org.openqa.selenium.remote.ErrorHandler.createThrowable(ErrorHandler.java:206)
	at org.openqa.selenium.remote.ErrorHandler.throwIfResponseFailed(ErrorHandler.java:158)
	at org.openqa.selenium.remote.RemoteWebDriver.execute(RemoteWebDriver.java:678)
	at org.openqa.selenium.remote.RemoteWebDriver.startSession(RemoteWebDriver.java:249)
	at org.openqa.selenium.remote.RemoteWebDriver.&lt;init&gt;(RemoteWebDriver.java:131)
	at org.openqa.selenium.remote.RemoteWebDriver.&lt;init&gt;(RemoteWebDriver.java:158)
	at LT_TestNg_Project.TestScenarios.LambdaTestCertifications_Selenium.setUp(LambdaTestCertifications_Selenium.java:54)
	at java.base/java.util.ArrayList.forEach(ArrayList.java:1596)
	at java.base/java.util.concurrent.FutureTask.run(FutureTask.java:317)
	at java.base/java.util.concurrent.ThreadPoolExecutor.runWorker(ThreadPoolExecutor.java:1144)
	at java.base/java.util.concurrent.ThreadPoolExecutor$Worker.run(ThreadPoolExecutor.java:642)
	at java.base/java.lang.Thread.run(Thread.java:1583)
... Removed 22 stack frames</pre></div><a href='#' onClick='toggleBox("stack-trace1260705258", this, "Click to show all stack frames", "Click to hide stack frames")'>Click to show all stack frames</a>
<div class='stack-trace' id='stack-trace1260705258'><pre>org.openqa.selenium.WebDriverException: Error: Could not find a valid browserVersion. config received, osVersion: catalina browserName: safari browserVersion: 18.0 Input capabilities : {&quot;EnableHTTP2InMartian&quot;:false,&quot;browserName&quot;:&quot;safari&quot;,&quot;build&quot;:&quot;Selenium safari&quot;,&quot;console&quot;:&quot;false&quot;,&quot;enableDebugLogsInMartian&quot;:false,&quot;enableNetworkThrottling&quot;:false,&quot;enableSSEInMartian&quot;:false,&quot;enableWSInMartian&quot;:false,&quot;extendedDebuging&quot;:true,&quot;headless&quot;:false,&quot;loggingPrefs&quot;:{&quot;browser&quot;:&quot;ALL&quot;,&quot;driver&quot;:&quot;ALL&quot;,&quot;performance&quot;:&quot;ALL&quot;,&quot;server&quot;:&quot;ALL&quot;},&quot;name&quot;:&quot;Selenium Run safari&quot;,&quot;network&quot;:true,&quot;network.full.har&quot;:false,&quot;network.har&quot;:true,&quot;performance&quot;:false,&quot;platform&quot;:&quot;macos 10.15&quot;,&quot;resolution&quot;:&quot;1920x1080&quot;,&quot;safari.cookies&quot;:true,&quot;tunnel&quot;:false,&quot;tunnelIdentifier&quot;:&quot;&quot;,&quot;userAgent&quot;:&quot;Apache-HttpClient/4.5.13 (Java/21.0.1)&quot;,&quot;version&quot;:&quot;18.0&quot;,&quot;video&quot;:true,&quot;visual&quot;:true,&quot;w3c&quot;:false} (WARNING: The server did not provide any stacktrace information)
Command duration or timeout: 6.74 seconds
Build info: version: &apos;2.52.0&apos;, revision: &apos;4c2593cfc3689a7fcd7be52549167e5ccc93ad28&apos;, time: &apos;2016-02-11 11:22:43&apos;
System info: host: &apos;LAPTOP-DUJFBR3O&apos;, ip: &apos;172.23.208.1&apos;, os.name: &apos;Windows 11&apos;, os.arch: &apos;amd64&apos;, os.version: &apos;10.0&apos;, java.version: &apos;21.0.1&apos;
Driver info: org.openqa.selenium.remote.RemoteWebDriver
	at java.base/jdk.internal.reflect.DirectConstructorHandleAccessor.newInstance(DirectConstructorHandleAccessor.java:62)
	at java.base/java.lang.reflect.Constructor.newInstanceWithCaller(Constructor.java:502)
	at java.base/java.lang.reflect.Constructor.newInstance(Constructor.java:486)
	at org.openqa.selenium.remote.ErrorHandler.createThrowable(ErrorHandler.java:206)
	at org.openqa.selenium.remote.ErrorHandler.throwIfResponseFailed(ErrorHandler.java:158)
	at org.openqa.selenium.remote.RemoteWebDriver.execute(RemoteWebDriver.java:678)
	at org.openqa.selenium.remote.RemoteWebDriver.startSession(RemoteWebDriver.java:249)
	at org.openqa.selenium.remote.RemoteWebDriver.&lt;init&gt;(RemoteWebDriver.java:131)
	at org.openqa.selenium.remote.RemoteWebDriver.&lt;init&gt;(RemoteWebDriver.java:158)
	at LT_TestNg_Project.TestScenarios.LambdaTestCertifications_Selenium.setUp(LambdaTestCertifications_Selenium.java:54)
	at java.base/jdk.internal.reflect.DirectMethodHandleAccessor.invoke(DirectMethodHandleAccessor.java:103)
	at java.base/java.lang.reflect.Method.invoke(Method.java:580)
	at org.testng.internal.invokers.MethodInvocationHelper.invokeMethod(MethodInvocationHelper.java:139)
	at org.testng.internal.invokers.MethodInvocationHelper.invokeMethodConsideringTimeout(MethodInvocationHelper.java:69)
	at org.testng.internal.invokers.ConfigInvoker.invokeConfigurationMethod(ConfigInvoker.java:361)
	at org.testng.internal.invokers.ConfigInvoker.invokeConfigurations(ConfigInvoker.java:296)
	at org.testng.internal.invokers.TestInvoker.runConfigMethods(TestInvoker.java:823)
	at org.testng.internal.invokers.TestInvoker.invokeMethod(TestInvoker.java:590)
	at org.testng.internal.invokers.TestInvoker.invokeTestMethod(TestInvoker.java:221)
	at org.testng.internal.invokers.MethodRunner.runInSequence(MethodRunner.java:50)
	at org.testng.internal.invokers.TestInvoker$MethodInvocationAgent.invoke(TestInvoker.java:969)
	at org.testng.internal.invokers.TestInvoker.invokeTestMethods(TestInvoker.java:194)
	at org.testng.internal.invokers.TestMethodWorker.invokeTestMethods(TestMethodWorker.java:148)
	at org.testng.internal.invokers.TestMethodWorker.run(TestMethodWorker.java:128)
	at java.base/java.util.ArrayList.forEach(ArrayList.java:1596)
	at org.testng.TestRunner.privateRun(TestRunner.java:829)
	at org.testng.TestRunner.run(TestRunner.java:602)
	at org.testng.SuiteRunner.runTest(SuiteRunner.java:437)
	at org.testng.SuiteRunner$SuiteWorker.run(SuiteRunner.java:475)
	at org.testng.internal.thread.ThreadUtil.lambda$execute$0(ThreadUtil.java:58)
	at java.base/java.util.concurrent.FutureTask.run(FutureTask.java:317)
	at java.base/java.util.concurrent.ThreadPoolExecutor.runWorker(ThreadPoolExecutor.java:1144)
	at java.base/java.util.concurrent.ThreadPoolExecutor$Worker.run(ThreadPoolExecutor.java:642)
	at java.base/java.lang.Thread.run(Thread.java:1583)
</pre></div></td>
<td>0</td>
<td>LT_TestNg_Project.TestScenarios.LambdaTestCertifications_Selenium@459e9125</td></tr>
<tr>
<td title='LT_TestNg_Project.TestScenarios.LambdaTestCertifications_Selenium.testDragAndDropSlider()'><b>testDragAndDropSlider</b><br>Test class: LT_TestNg_Project.TestScenarios.LambdaTestCertifications_Selenium</td>
<td><div><pre>org.openqa.selenium.WebDriverException: Error: Could not find a valid browserVersion. config received, osVersion: catalina browserName: safari browserVersion: 18.0 Input capabilities : {&quot;EnableHTTP2InMartian&quot;:false,&quot;browserName&quot;:&quot;safari&quot;,&quot;build&quot;:&quot;Selenium safari&quot;,&quot;console&quot;:&quot;false&quot;,&quot;enableDebugLogsInMartian&quot;:false,&quot;enableNetworkThrottling&quot;:false,&quot;enableSSEInMartian&quot;:false,&quot;enableWSInMartian&quot;:false,&quot;extendedDebuging&quot;:true,&quot;headless&quot;:false,&quot;loggingPrefs&quot;:{&quot;browser&quot;:&quot;ALL&quot;,&quot;driver&quot;:&quot;ALL&quot;,&quot;performance&quot;:&quot;ALL&quot;,&quot;server&quot;:&quot;ALL&quot;},&quot;name&quot;:&quot;Selenium Run safari&quot;,&quot;network&quot;:true,&quot;network.full.har&quot;:false,&quot;network.har&quot;:true,&quot;performance&quot;:false,&quot;platform&quot;:&quot;macos 10.15&quot;,&quot;resolution&quot;:&quot;1920x1080&quot;,&quot;safari.cookies&quot;:true,&quot;tunnel&quot;:false,&quot;tunnelIdentifier&quot;:&quot;&quot;,&quot;userAgent&quot;:&quot;Apache-HttpClient/4.5.13 (Java/21.0.1)&quot;,&quot;version&quot;:&quot;18.0&quot;,&quot;video&quot;:true,&quot;visual&quot;:true,&quot;w3c&quot;:false} (WARNING: The server did not provide any stacktrace information)
Command duration or timeout: 6.74 seconds
Build info: version: &apos;2.52.0&apos;, revision: &apos;4c2593cfc3689a7fcd7be52549167e5ccc93ad28&apos;, time: &apos;2016-02-11 11:22:43&apos;
System info: host: &apos;LAPTOP-DUJFBR3O&apos;, ip: &apos;172.23.208.1&apos;, os.name: &apos;Windows 11&apos;, os.arch: &apos;amd64&apos;, os.version: &apos;10.0&apos;, java.version: &apos;21.0.1&apos;
Driver info: org.openqa.selenium.remote.RemoteWebDriver
	at org.openqa.selenium.remote.ErrorHandler.createThrowable(ErrorHandler.java:206)
	at org.openqa.selenium.remote.ErrorHandler.throwIfResponseFailed(ErrorHandler.java:158)
	at org.openqa.selenium.remote.RemoteWebDriver.execute(RemoteWebDriver.java:678)
	at org.openqa.selenium.remote.RemoteWebDriver.startSession(RemoteWebDriver.java:249)
	at org.openqa.selenium.remote.RemoteWebDriver.&lt;init&gt;(RemoteWebDriver.java:131)
	at org.openqa.selenium.remote.RemoteWebDriver.&lt;init&gt;(RemoteWebDriver.java:158)
	at LT_TestNg_Project.TestScenarios.LambdaTestCertifications_Selenium.setUp(LambdaTestCertifications_Selenium.java:54)
	at java.base/java.util.ArrayList.forEach(ArrayList.java:1596)
	at java.base/java.util.concurrent.FutureTask.run(FutureTask.java:317)
	at java.base/java.util.concurrent.ThreadPoolExecutor.runWorker(ThreadPoolExecutor.java:1144)
	at java.base/java.util.concurrent.ThreadPoolExecutor$Worker.run(ThreadPoolExecutor.java:642)
	at java.base/java.lang.Thread.run(Thread.java:1583)
... Removed 22 stack frames</pre></div><a href='#' onClick='toggleBox("stack-trace1278393117", this, "Click to show all stack frames", "Click to hide stack frames")'>Click to show all stack frames</a>
<div class='stack-trace' id='stack-trace1278393117'><pre>org.openqa.selenium.WebDriverException: Error: Could not find a valid browserVersion. config received, osVersion: catalina browserName: safari browserVersion: 18.0 Input capabilities : {&quot;EnableHTTP2InMartian&quot;:false,&quot;browserName&quot;:&quot;safari&quot;,&quot;build&quot;:&quot;Selenium safari&quot;,&quot;console&quot;:&quot;false&quot;,&quot;enableDebugLogsInMartian&quot;:false,&quot;enableNetworkThrottling&quot;:false,&quot;enableSSEInMartian&quot;:false,&quot;enableWSInMartian&quot;:false,&quot;extendedDebuging&quot;:true,&quot;headless&quot;:false,&quot;loggingPrefs&quot;:{&quot;browser&quot;:&quot;ALL&quot;,&quot;driver&quot;:&quot;ALL&quot;,&quot;performance&quot;:&quot;ALL&quot;,&quot;server&quot;:&quot;ALL&quot;},&quot;name&quot;:&quot;Selenium Run safari&quot;,&quot;network&quot;:true,&quot;network.full.har&quot;:false,&quot;network.har&quot;:true,&quot;performance&quot;:false,&quot;platform&quot;:&quot;macos 10.15&quot;,&quot;resolution&quot;:&quot;1920x1080&quot;,&quot;safari.cookies&quot;:true,&quot;tunnel&quot;:false,&quot;tunnelIdentifier&quot;:&quot;&quot;,&quot;userAgent&quot;:&quot;Apache-HttpClient/4.5.13 (Java/21.0.1)&quot;,&quot;version&quot;:&quot;18.0&quot;,&quot;video&quot;:true,&quot;visual&quot;:true,&quot;w3c&quot;:false} (WARNING: The server did not provide any stacktrace information)
Command duration or timeout: 6.74 seconds
Build info: version: &apos;2.52.0&apos;, revision: &apos;4c2593cfc3689a7fcd7be52549167e5ccc93ad28&apos;, time: &apos;2016-02-11 11:22:43&apos;
System info: host: &apos;LAPTOP-DUJFBR3O&apos;, ip: &apos;172.23.208.1&apos;, os.name: &apos;Windows 11&apos;, os.arch: &apos;amd64&apos;, os.version: &apos;10.0&apos;, java.version: &apos;21.0.1&apos;
Driver info: org.openqa.selenium.remote.RemoteWebDriver
	at java.base/jdk.internal.reflect.DirectConstructorHandleAccessor.newInstance(DirectConstructorHandleAccessor.java:62)
	at java.base/java.lang.reflect.Constructor.newInstanceWithCaller(Constructor.java:502)
	at java.base/java.lang.reflect.Constructor.newInstance(Constructor.java:486)
	at org.openqa.selenium.remote.ErrorHandler.createThrowable(ErrorHandler.java:206)
	at org.openqa.selenium.remote.ErrorHandler.throwIfResponseFailed(ErrorHandler.java:158)
	at org.openqa.selenium.remote.RemoteWebDriver.execute(RemoteWebDriver.java:678)
	at org.openqa.selenium.remote.RemoteWebDriver.startSession(RemoteWebDriver.java:249)
	at org.openqa.selenium.remote.RemoteWebDriver.&lt;init&gt;(RemoteWebDriver.java:131)
	at org.openqa.selenium.remote.RemoteWebDriver.&lt;init&gt;(RemoteWebDriver.java:158)
	at LT_TestNg_Project.TestScenarios.LambdaTestCertifications_Selenium.setUp(LambdaTestCertifications_Selenium.java:54)
	at java.base/jdk.internal.reflect.DirectMethodHandleAccessor.invoke(DirectMethodHandleAccessor.java:103)
	at java.base/java.lang.reflect.Method.invoke(Method.java:580)
	at org.testng.internal.invokers.MethodInvocationHelper.invokeMethod(MethodInvocationHelper.java:139)
	at org.testng.internal.invokers.MethodInvocationHelper.invokeMethodConsideringTimeout(MethodInvocationHelper.java:69)
	at org.testng.internal.invokers.ConfigInvoker.invokeConfigurationMethod(ConfigInvoker.java:361)
	at org.testng.internal.invokers.ConfigInvoker.invokeConfigurations(ConfigInvoker.java:296)
	at org.testng.internal.invokers.TestInvoker.runConfigMethods(TestInvoker.java:823)
	at org.testng.internal.invokers.TestInvoker.invokeMethod(TestInvoker.java:590)
	at org.testng.internal.invokers.TestInvoker.invokeTestMethod(TestInvoker.java:221)
	at org.testng.internal.invokers.MethodRunner.runInSequence(MethodRunner.java:50)
	at org.testng.internal.invokers.TestInvoker$MethodInvocationAgent.invoke(TestInvoker.java:969)
	at org.testng.internal.invokers.TestInvoker.invokeTestMethods(TestInvoker.java:194)
	at org.testng.internal.invokers.TestMethodWorker.invokeTestMethods(TestMethodWorker.java:148)
	at org.testng.internal.invokers.TestMethodWorker.run(TestMethodWorker.java:128)
	at java.base/java.util.ArrayList.forEach(ArrayList.java:1596)
	at org.testng.TestRunner.privateRun(TestRunner.java:829)
	at org.testng.TestRunner.run(TestRunner.java:602)
	at org.testng.SuiteRunner.runTest(SuiteRunner.java:437)
	at org.testng.SuiteRunner$SuiteWorker.run(SuiteRunner.java:475)
	at org.testng.internal.thread.ThreadUtil.lambda$execute$0(ThreadUtil.java:58)
	at java.base/java.util.concurrent.FutureTask.run(FutureTask.java:317)
	at java.base/java.util.concurrent.ThreadPoolExecutor.runWorker(ThreadPoolExecutor.java:1144)
	at java.base/java.util.concurrent.ThreadPoolExecutor$Worker.run(ThreadPoolExecutor.java:642)
	at java.base/java.lang.Thread.run(Thread.java:1583)
</pre></div></td>
<td>0</td>
<td>LT_TestNg_Project.TestScenarios.LambdaTestCertifications_Selenium@459e9125</td></tr>
</table><p>
</body>
</html>