<?xml version="1.0" encoding="UTF-8"?>
<!-- Generated by org.testng.reporters.JUnitReportReporter -->
<testsuite hostname="LAPTOP-DUJFBR3O" failures="0" tests="7" name="LT_TestNg_Project.TestScenarios.LambdaTestCertifications_Selenium" time="121.029" errors="1" timestamp="2024-12-09T09:51:03 IST" skipped="3">
  <testcase classname="LT_TestNg_Project.TestScenarios.LambdaTestCertifications_Selenium" name="setUp" time="30.019">
    <error message="Unable to find the session info for particular sessionId null, maybe session has quit already or timed out. (WARNING: The server did not provide any stacktrace information)
Command duration or timeout: 120 milliseconds
Build info: version: &#039;2.52.0&#039;, revision: &#039;4c2593cfc3689a7fcd7be52549167e5ccc93ad28&#039;, time: &#039;2016-02-11 11:22:43&#039;
System info: host: &#039;LAPTOP-DUJFBR3O&#039;, ip: &#039;172.23.208.1&#039;, os.name: &#039;Windows 11&#039;, os.arch: &#039;amd64&#039;, os.version: &#039;10.0&#039;, java.version: &#039;21.0.1&#039;
Driver info: org.openqa.selenium.remote.RemoteWebDriver
Capabilities [{capabilities={safari:diagnose=false, strictFileInteractability=false, safari:automaticProfiling=false, safari:platformBuildVersion=24A335, acceptInsecureCerts=false, browserVersion=18.0, safari:useSimulator=false, webkit:WebRTC={DisableICECandidateFiltering=false, DisableInsecureMediaCapture=false}, safari:platformVersion=15.0, browserName=Safari, safari:automaticInspection=false, platformName=macOS, setWindowRect=true}, sessionId=E194978B-117E-49FA-B210-CDE59D2E04AB, platform=ANY}]
Session ID: null" type="org.openqa.selenium.TimeoutException">
      <![CDATA[org.openqa.selenium.TimeoutException: Unable to find the session info for particular sessionId null, maybe session has quit already or timed out. (WARNING: The server did not provide any stacktrace information)
Command duration or timeout: 120 milliseconds
Build info: version: '2.52.0', revision: '4c2593cfc3689a7fcd7be52549167e5ccc93ad28', time: '2016-02-11 11:22:43'
System info: host: 'LAPTOP-DUJFBR3O', ip: '172.23.208.1', os.name: 'Windows 11', os.arch: 'amd64', os.version: '10.0', java.version: '21.0.1'
Driver info: org.openqa.selenium.remote.RemoteWebDriver
Capabilities [{capabilities={safari:diagnose=false, strictFileInteractability=false, safari:automaticProfiling=false, safari:platformBuildVersion=24A335, acceptInsecureCerts=false, browserVersion=18.0, safari:useSimulator=false, webkit:WebRTC={DisableICECandidateFiltering=false, DisableInsecureMediaCapture=false}, safari:platformVersion=15.0, browserName=Safari, safari:automaticInspection=false, platformName=macOS, setWindowRect=true}, sessionId=E194978B-117E-49FA-B210-CDE59D2E04AB, platform=ANY}]
Session ID: null
at java.base/jdk.internal.reflect.DirectConstructorHandleAccessor.newInstance(DirectConstructorHandleAccessor.java:62)
at java.base/java.lang.reflect.Constructor.newInstanceWithCaller(Constructor.java:502)
at java.base/java.lang.reflect.Constructor.newInstance(Constructor.java:486)
at org.openqa.selenium.remote.ErrorHandler.createThrowable(ErrorHandler.java:206)
at org.openqa.selenium.remote.ErrorHandler.throwIfResponseFailed(ErrorHandler.java:158)
at org.openqa.selenium.remote.RemoteWebDriver.execute(RemoteWebDriver.java:678)
at org.openqa.selenium.remote.RemoteWebDriver.get(RemoteWebDriver.java:316)
at LT_TestNg_Project.TestScenarios.LambdaTestCertifications_Selenium.setUp(LambdaTestCertifications_Selenium.java:59)
at java.base/jdk.internal.reflect.DirectMethodHandleAccessor.invoke(DirectMethodHandleAccessor.java:103)
at java.base/java.lang.reflect.Method.invoke(Method.java:580)
at org.testng.internal.invokers.MethodInvocationHelper.invokeMethod(MethodInvocationHelper.java:139)
at org.testng.internal.invokers.MethodInvocationHelper.invokeMethodConsideringTimeout(MethodInvocationHelper.java:69)
at org.testng.internal.invokers.ConfigInvoker.invokeConfigurationMethod(ConfigInvoker.java:361)
at org.testng.internal.invokers.ConfigInvoker.invokeConfigurations(ConfigInvoker.java:296)
at org.testng.internal.invokers.TestInvoker.runConfigMethods(TestInvoker.java:823)
at org.testng.internal.invokers.TestInvoker.invokeMethod(TestInvoker.java:590)
at org.testng.internal.invokers.TestInvoker.invokeTestMethod(TestInvoker.java:221)
at org.testng.internal.invokers.MethodRunner.runInSequence(MethodRunner.java:50)
at org.testng.internal.invokers.TestInvoker$MethodInvocationAgent.invoke(TestInvoker.java:969)
at org.testng.internal.invokers.TestInvoker.invokeTestMethods(TestInvoker.java:194)
at org.testng.internal.invokers.TestMethodWorker.invokeTestMethods(TestMethodWorker.java:148)
at org.testng.internal.invokers.TestMethodWorker.run(TestMethodWorker.java:128)
at java.base/java.util.ArrayList.forEach(ArrayList.java:1596)
at org.testng.TestRunner.privateRun(TestRunner.java:829)
at org.testng.TestRunner.run(TestRunner.java:602)
at org.testng.SuiteRunner.runTest(SuiteRunner.java:437)
at org.testng.SuiteRunner$SuiteWorker.run(SuiteRunner.java:475)
at org.testng.internal.thread.ThreadUtil.lambda$execute$0(ThreadUtil.java:58)
at java.base/java.util.concurrent.FutureTask.run(FutureTask.java:317)
at java.base/java.util.concurrent.ThreadPoolExecutor.runWorker(ThreadPoolExecutor.java:1144)
at java.base/java.util.concurrent.ThreadPoolExecutor$Worker.run(ThreadPoolExecutor.java:642)
at java.base/java.lang.Thread.run(Thread.java:1583)
]]>
    </error>
  </testcase> <!-- setUp -->
  <system-out/>
  <testcase classname="LT_TestNg_Project.TestScenarios.LambdaTestCertifications_Selenium" name="testSimpleFormDemo" time="0.000">
    <skipped/>
  </testcase> <!-- testSimpleFormDemo -->
  <system-out/>
  <testcase classname="LT_TestNg_Project.TestScenarios.LambdaTestCertifications_Selenium" name="testSimpleFormDemo" time="31.848"/>
  <system-out/>
  <testcase classname="LT_TestNg_Project.TestScenarios.LambdaTestCertifications_Selenium" name="testDragAndDropSlider" time="0.000">
    <skipped/>
  </testcase> <!-- testDragAndDropSlider -->
  <system-out/>
  <testcase classname="LT_TestNg_Project.TestScenarios.LambdaTestCertifications_Selenium" name="testDragAndDropSlider" time="27.529"/>
  <system-out/>
  <testcase classname="LT_TestNg_Project.TestScenarios.LambdaTestCertifications_Selenium" name="testInputFormSubmit" time="0.000">
    <skipped/>
  </testcase> <!-- testInputFormSubmit -->
  <system-out/>
  <testcase classname="LT_TestNg_Project.TestScenarios.LambdaTestCertifications_Selenium" name="testInputFormSubmit" time="31.633"/>
  <system-out/>
</testsuite> <!-- LT_TestNg_Project.TestScenarios.LambdaTestCertifications_Selenium -->
